0 info it worked if it ends with ok
1 verbose cli [ '/Users/pooya/.nvm/versions/node/v5.4.0/bin/node',
1 verbose cli   '/Users/pooya/.nvm/versions/node/v5.4.0/bin/npm',
1 verbose cli   'run',
1 verbose cli   'test' ]
2 info using npm@3.3.12
3 info using node@v5.4.0
4 verbose run-script [ 'pretest', 'test', 'posttest' ]
5 info lifecycle react-redux-starter@1.0.0~pretest: react-redux-starter@1.0.0
6 silly lifecycle react-redux-starter@1.0.0~pretest: no script for pretest, continuing
7 info lifecycle react-redux-starter@1.0.0~test: react-redux-starter@1.0.0
8 verbose lifecycle react-redux-starter@1.0.0~test: unsafe-perm in lifecycle true
9 verbose lifecycle react-redux-starter@1.0.0~test: PATH: /Users/pooya/.nvm/versions/node/v5.4.0/lib/node_modules/npm/bin/node-gyp-bin:/Users/pooya/projects/react-redux-starter/node_modules/.bin:/Users/pooya/.nvm/versions/node/v5.4.0/bin:/opt/local/bin:/opt/local/sbin:/Users/pooya/.npm-packages/bin:/Library/Frameworks/Python.framework/Versions/2.7/bin:/Users/pooya/bin:/usr/local/bin:/usr/local/bin:/usr/bin:/bin:/usr/sbin:/sbin:/opt/X11/bin:/usr/local/git/bin
10 verbose lifecycle react-redux-starter@1.0.0~test: CWD: /Users/pooya/projects/react-redux-starter
11 silly lifecycle react-redux-starter@1.0.0~test: Args: [ '-c',
11 silly lifecycle   'mocha --compilers js:babel-core/register --require ./test/test_helper.js \'test/**/*.@(js|jsx)\'' ]
12 silly lifecycle react-redux-starter@1.0.0~test: Returned: code: 1  signal: null
13 info lifecycle react-redux-starter@1.0.0~test: Failed to exec test script
14 verbose stack Error: react-redux-starter@1.0.0 test: `mocha --compilers js:babel-core/register --require ./test/test_helper.js 'test/**/*.@(js|jsx)'`
14 verbose stack Exit status 1
14 verbose stack     at EventEmitter.<anonymous> (/Users/pooya/.nvm/versions/node/v5.4.0/lib/node_modules/npm/lib/utils/lifecycle.js:232:16)
14 verbose stack     at emitTwo (events.js:87:13)
14 verbose stack     at EventEmitter.emit (events.js:172:7)
14 verbose stack     at ChildProcess.<anonymous> (/Users/pooya/.nvm/versions/node/v5.4.0/lib/node_modules/npm/lib/utils/spawn.js:24:14)
14 verbose stack     at emitTwo (events.js:87:13)
14 verbose stack     at ChildProcess.emit (events.js:172:7)
14 verbose stack     at maybeClose (internal/child_process.js:821:16)
14 verbose stack     at Process.ChildProcess._handle.onexit (internal/child_process.js:211:5)
15 verbose pkgid react-redux-starter@1.0.0
16 verbose cwd /Users/pooya/projects/react-redux-starter
17 error Darwin 15.2.0
18 error argv "/Users/pooya/.nvm/versions/node/v5.4.0/bin/node" "/Users/pooya/.nvm/versions/node/v5.4.0/bin/npm" "run" "test"
19 error node v5.4.0
20 error npm  v3.3.12
21 error code ELIFECYCLE
22 error react-redux-starter@1.0.0 test: `mocha --compilers js:babel-core/register --require ./test/test_helper.js 'test/**/*.@(js|jsx)'`
22 error Exit status 1
23 error Failed at the react-redux-starter@1.0.0 test script 'mocha --compilers js:babel-core/register --require ./test/test_helper.js 'test/**/*.@(js|jsx)''.
23 error Make sure you have the latest version of node.js and npm installed.
23 error If you do, this is most likely a problem with the react-redux-starter package,
23 error not with npm itself.
23 error Tell the author that this fails on your system:
23 error     mocha --compilers js:babel-core/register --require ./test/test_helper.js 'test/**/*.@(js|jsx)'
23 error You can get their info via:
23 error     npm owner ls react-redux-starter
23 error There is likely additional logging output above.
24 verbose exit [ 1, true ]
